# JRE version: Java(TM) SE Runtime Environment (8.0_45-b15) (build 1.8.0_45-b15)
# Java VM: Java HotSpot(TM) 64-Bit Server VM (25.45-b02 mixed mode windows-amd64 compressed oops)
Heap:
 PSYoungGen      total 289792K, used 71288K [0x00000000eab00000, 0x0000000100000000, 0x0000000100000000)
  eden space 239616K, 11% used [0x00000000eab00000,0x00000000ec4f6fd8,0x00000000f9500000)
  from space 50176K, 89% used [0x00000000fcd00000,0x00000000ff8a71d0,0x00000000ffe00000)
  to   space 54784K, 0% used [0x00000000f9500000,0x00000000f9500000,0x00000000fca80000)
 ParOldGen       total 183808K, used 103536K [0x00000000c0000000, 0x00000000cb380000, 0x00000000eab00000)
  object space 183808K, 56% used [0x00000000c0000000,0x00000000c651c308,0x00000000cb380000)
 Metaspace       used 103949K, capacity 108624K, committed 111320K, reserved 1142784K
  class space    used 14253K, capacity 16004K, committed 17920K, reserved 1048576K
GC Heap History (10 events):
Event: 7621.914 GC heap before
{Heap before GC invocations=42 (full 11):
 PSYoungGen      total 283648K, used 231424K [0x00000000eab00000, 0x00000000ff700000, 0x0000000100000000)
  eden space 231424K, 100% used [0x00000000eab00000,0x00000000f8d00000,0x00000000f8d00000)
  from space 52224K, 0% used [0x00000000fc400000,0x00000000fc400000,0x00000000ff700000)
  to   space 54272K, 0% used [0x00000000f8d00000,0x00000000f8d00000,0x00000000fc200000)
 ParOldGen       total 183808K, used 101332K [0x00000000c0000000, 0x00000000cb380000, 0x00000000eab00000)
  object space 183808K, 55% used [0x00000000c0000000,0x00000000c62f53c0,0x00000000cb380000)
 Metaspace       used 96081K, capacity 100048K, committed 104024K, reserved 1136640K
  class space    used 13124K, capacity 14602K, committed 17792K, reserved 1048576K
Event: 7622.016 GC heap after
Heap after GC invocations=42 (full 11):
 PSYoungGen      total 285696K, used 30624K [0x00000000eab00000, 0x0000000100000000, 0x0000000100000000)
  eden space 231424K, 0% used [0x00000000eab00000,0x00000000eab00000,0x00000000f8d00000)
  from space 54272K, 56% used [0x00000000f8d00000,0x00000000faae8258,0x00000000fc200000)
  to   space 53760K, 0% used [0x00000000fcb80000,0x00000000fcb80000,0x0000000100000000)
 ParOldGen       total 183808K, used 101332K [0x00000000c0000000, 0x00000000cb380000, 0x00000000eab00000)
  object space 183808K, 55% used [0x00000000c0000000,0x00000000c62f53c0,0x00000000cb380000)
 Metaspace       used 96081K, capacity 100048K, committed 104024K, reserved 1136640K
  class space    used 13124K, capacity 14602K, committed 17792K, reserved 1048576K
}
Event: 7625.212 GC heap before
{Heap before GC invocations=43 (full 11):
 PSYoungGen      total 285696K, used 78352K [0x00000000eab00000, 0x0000000100000000, 0x0000000100000000)
  eden space 231424K, 20% used [0x00000000eab00000,0x00000000ed99c030,0x00000000f8d00000)
  from space 54272K, 56% used [0x00000000f8d00000,0x00000000faae8258,0x00000000fc200000)
  to   space 53760K, 0% used [0x00000000fcb80000,0x00000000fcb80000,0x0000000100000000)
 ParOldGen       total 183808K, used 101332K [0x00000000c0000000, 0x00000000cb380000, 0x00000000eab00000)
  object space 183808K, 55% used [0x00000000c0000000,0x00000000c62f53c0,0x00000000cb380000)
 Metaspace       used 96950K, capacity 100964K, committed 104792K, reserved 1136640K
  class space    used 13258K, capacity 14716K, committed 17792K, reserved 1048576K
Event: 7625.264 GC heap after
Heap after GC invocations=43 (full 11):
 PSYoungGen      total 293376K, used 19962K [0x00000000eab00000, 0x00000000ffd00000, 0x0000000100000000)
  eden space 242688K, 0% used [0x00000000eab00000,0x00000000eab00000,0x00000000f9800000)
  from space 50688K, 39% used [0x00000000fcb80000,0x00000000fdefeab0,0x00000000ffd00000)
  to   space 51712K, 0% used [0x00000000f9800000,0x00000000f9800000,0x00000000fca80000)
 ParOldGen       total 183808K, used 101340K [0x00000000c0000000, 0x00000000cb380000, 0x00000000eab00000)
  object space 183808K, 55% used [0x00000000c0000000,0x00000000c62f73c0,0x00000000cb380000)
 Metaspace       used 96950K, capacity 100964K, committed 104792K, reserved 1136640K
  class space    used 13258K, capacity 14716K, committed 17792K, reserved 1048576K
}
Event: 7625.264 GC heap before
{Heap before GC invocations=44 (full 12):
 PSYoungGen      total 293376K, used 19962K [0x00000000eab00000, 0x00000000ffd00000, 0x0000000100000000)
  eden space 242688K, 0% used [0x00000000eab00000,0x00000000eab00000,0x00000000f9800000)
  from space 50688K, 39% used [0x00000000fcb80000,0x00000000fdefeab0,0x00000000ffd00000)
  to   space 51712K, 0% used [0x00000000f9800000,0x00000000f9800000,0x00000000fca80000)
 ParOldGen       total 183808K, used 101340K [0x00000000c0000000, 0x00000000cb380000, 0x00000000eab00000)
  object space 183808K, 55% used [0x00000000c0000000,0x00000000c62f73c0,0x00000000cb380000)
 Metaspace       used 96950K, capacity 100964K, committed 104792K, reserved 1136640K
  class space    used 13258K, capacity 14716K, committed 17792K, reserved 1048576K
Event: 7626.115 GC heap after
Heap after GC invocations=44 (full 12):
 PSYoungGen      total 293376K, used 0K [0x00000000eab00000, 0x00000000ffd00000, 0x0000000100000000)
  eden space 242688K, 0% used [0x00000000eab00000,0x00000000eab00000,0x00000000f9800000)
  from space 50688K, 0% used [0x00000000fcb80000,0x00000000fcb80000,0x00000000ffd00000)
  to   space 51712K, 0% used [0x00000000f9800000,0x00000000f9800000,0x00000000fca80000)
 ParOldGen       total 183808K, used 103520K [0x00000000c0000000, 0x00000000cb380000, 0x00000000eab00000)
  object space 183808K, 56% used [0x00000000c0000000,0x00000000c6518308,0x00000000cb380000)
 Metaspace       used 88368K, capacity 91778K, committed 102744K, reserved 1134592K
  class space    used 11955K, capacity 13154K, committed 17792K, reserved 1048576K
}
Event: 7666.386 GC heap before
{Heap before GC invocations=45 (full 12):
 PSYoungGen      total 293376K, used 242688K [0x00000000eab00000, 0x00000000ffd00000, 0x0000000100000000)
  eden space 242688K, 100% used [0x00000000eab00000,0x00000000f9800000,0x00000000f9800000)
  from space 50688K, 0% used [0x00000000fcb80000,0x00000000fcb80000,0x00000000ffd00000)
  to   space 51712K, 0% used [0x00000000f9800000,0x00000000f9800000,0x00000000fca80000)
 ParOldGen       total 183808K, used 103520K [0x00000000c0000000, 0x00000000cb380000, 0x00000000eab00000)
  object space 183808K, 56% used [0x00000000c0000000,0x00000000c6518308,0x00000000cb380000)
 Metaspace       used 96177K, capacity 100232K, committed 104408K, reserved 1136640K
  class space    used 13110K, capacity 14590K, committed 17920K, reserved 1048576K
Event: 7666.485 GC heap after
Heap after GC invocations=45 (full 12):
 PSYoungGen      total 294400K, used 27447K [0x00000000eab00000, 0x00000000ffe00000, 0x0000000100000000)
  eden space 242688K, 0% used [0x00000000eab00000,0x00000000eab00000,0x00000000f9800000)
  from space 51712K, 53% used [0x00000000f9800000,0x00000000fb2cdc80,0x00000000fca80000)
  to   space 50176K, 0% used [0x00000000fcd00000,0x00000000fcd00000,0x00000000ffe00000)
 ParOldGen       total 183808K, used 103528K [0x00000000c0000000, 0x00000000cb380000, 0x00000000eab00000)
  object space 183808K, 56% used [0x00000000c0000000,0x00000000c651a308,0x00000000cb380000)
 Metaspace       used 96177K, capacity 100232K, committed 104408K, reserved 1136640K
  class space    used 13110K, capacity 14590K, committed 17920K, reserved 1048576K
}
Event: 8358.365 GC heap before
{Heap before GC invocations=46 (full 12):
 PSYoungGen      total 294400K, used 270135K [0x00000000eab00000, 0x00000000ffe00000, 0x0000000100000000)
  eden space 242688K, 100% used [0x00000000eab00000,0x00000000f9800000,0x00000000f9800000)
  from space 51712K, 53% used [0x00000000f9800000,0x00000000fb2cdc80,0x00000000fca80000)
  to   space 50176K, 0% used [0x00000000fcd00000,0x00000000fcd00000,0x00000000ffe00000)
 ParOldGen       total 183808K, used 103528K [0x00000000c0000000, 0x00000000cb380000, 0x00000000eab00000)
  object space 183808K, 56% used [0x00000000c0000000,0x00000000c651a308,0x00000000cb380000)
 Metaspace       used 103897K, capacity 108560K, committed 111320K, reserved 1142784K
  class space    used 14241K, capacity 15962K, committed 17920K, reserved 1048576K
Event: 8364.190 GC heap after
Heap after GC invocations=46 (full 12):
 PSYoungGen      total 289792K, used 44700K [0x00000000eab00000, 0x0000000100000000, 0x0000000100000000)
  eden space 239616K, 0% used [0x00000000eab00000,0x00000000eab00000,0x00000000f9500000)
  from space 50176K, 89% used [0x00000000fcd00000,0x00000000ff8a71d0,0x00000000ffe00000)
  to   space 54784K, 0% used [0x00000000f9500000,0x00000000f9500000,0x00000000fca80000)
 ParOldGen       total 183808K, used 103536K [0x00000000c0000000, 0x00000000cb380000, 0x00000000eab00000)
  object space 183808K, 56% used [0x00000000c0000000,0x00000000c651c308,0x00000000cb380000)
 Metaspace       used 103897K, capacity 108560K, committed 111320K, reserved 1142784K
  class space    used 14241K, capacity 15962K, committed 17920K, reserved 1048576K
}

