# JRE version: Java(TM) SE Runtime Environment (8.0_45-b15) (build 1.8.0_45-b15)
# Java VM: Java HotSpot(TM) 64-Bit Server VM (25.45-b02 mixed mode windows-amd64 compressed oops)
Heap:
 PSYoungGen      total 262144K, used 214011K [0x00000000eab00000, 0x0000000100000000, 0x0000000100000000)
  eden space 225280K, 94% used [0x00000000eab00000,0x00000000f7bfecd0,0x00000000f8700000)
  from space 36864K, 0% used [0x00000000f8700000,0x00000000f8700000,0x00000000fab00000)
  to   space 62464K, 0% used [0x00000000fc300000,0x00000000fc300000,0x0000000100000000)
 ParOldGen       total 201216K, used 161489K [0x00000000c0000000, 0x00000000cc480000, 0x00000000eab00000)
  object space 201216K, 80% used [0x00000000c0000000,0x00000000c9db4740,0x00000000cc480000)
 Metaspace       used 131506K, capacity 138562K, committed 138840K, reserved 1167360K
  class space    used 18251K, capacity 20827K, committed 20864K, reserved 1048576K
GC Heap History (10 events):
Event: 5461.051 GC heap before
{Heap before GC invocations=29 (full 8):
 PSYoungGen      total 275456K, used 38909K [0x00000000eab00000, 0x0000000100000000, 0x0000000100000000)
  eden space 236544K, 0% used [0x00000000eab00000,0x00000000eab00000,0x00000000f9200000)
  from space 38912K, 99% used [0x00000000f9200000,0x00000000fb7ff578,0x00000000fb800000)
  to   space 59392K, 0% used [0x00000000fc600000,0x00000000fc600000,0x0000000100000000)
 ParOldGen       total 130048K, used 95974K [0x00000000c0000000, 0x00000000c7f00000, 0x00000000eab00000)
  object space 130048K, 73% used [0x00000000c0000000,0x00000000c5db9918,0x00000000c7f00000)
 Metaspace       used 108000K, capacity 113160K, committed 113880K, reserved 1146880K
  class space    used 14789K, capacity 16632K, committed 16896K, reserved 1048576K
Event: 5462.602 GC heap after
Heap after GC invocations=29 (full 8):
 PSYoungGen      total 275456K, used 0K [0x00000000eab00000, 0x0000000100000000, 0x0000000100000000)
  eden space 236544K, 0% used [0x00000000eab00000,0x00000000eab00000,0x00000000f9200000)
  from space 38912K, 0% used [0x00000000f9200000,0x00000000f9200000,0x00000000fb800000)
  to   space 59392K, 0% used [0x00000000fc600000,0x00000000fc600000,0x0000000100000000)
 ParOldGen       total 130048K, used 126399K [0x00000000c0000000, 0x00000000c7f00000, 0x00000000eab00000)
  object space 130048K, 97% used [0x00000000c0000000,0x00000000c7b6fcf0,0x00000000c7f00000)
 Metaspace       used 108000K, capacity 113160K, committed 113880K, reserved 1146880K
  class space    used 14789K, capacity 16632K, committed 16896K, reserved 1048576K
}
Event: 5566.419 GC heap before
{Heap before GC invocations=30 (full 9):
 PSYoungGen      total 275456K, used 236544K [0x00000000eab00000, 0x0000000100000000, 0x0000000100000000)
  eden space 236544K, 100% used [0x00000000eab00000,0x00000000f9200000,0x00000000f9200000)
  from space 38912K, 0% used [0x00000000f9200000,0x00000000f9200000,0x00000000fb800000)
  to   space 59392K, 0% used [0x00000000fc600000,0x00000000fc600000,0x0000000100000000)
 ParOldGen       total 130048K, used 126399K [0x00000000c0000000, 0x00000000c7f00000, 0x00000000eab00000)
  object space 130048K, 97% used [0x00000000c0000000,0x00000000c7b6fcf0,0x00000000c7f00000)
 Metaspace       used 115735K, capacity 121386K, committed 121688K, reserved 1153024K
  class space    used 15925K, capacity 18013K, committed 18048K, reserved 1048576K
Event: 5567.602 GC heap after
Heap after GC invocations=30 (full 9):
 PSYoungGen      total 275456K, used 28179K [0x00000000eab00000, 0x0000000100000000, 0x0000000100000000)
  eden space 236544K, 11% used [0x00000000eab00000,0x00000000ec684da0,0x00000000f9200000)
  from space 38912K, 0% used [0x00000000f9200000,0x00000000f9200000,0x00000000fb800000)
  to   space 59392K, 0% used [0x00000000fc600000,0x00000000fc600000,0x0000000100000000)
 ParOldGen       total 201216K, used 129976K [0x00000000c0000000, 0x00000000cc480000, 0x00000000eab00000)
  object space 201216K, 64% used [0x00000000c0000000,0x00000000c7eee1f0,0x00000000cc480000)
 Metaspace       used 115735K, capacity 121386K, committed 121688K, reserved 1153024K
  class space    used 15925K, capacity 18013K, committed 18048K, reserved 1048576K
}
Event: 5653.760 GC heap before
{Heap before GC invocations=31 (full 9):
 PSYoungGen      total 275456K, used 236544K [0x00000000eab00000, 0x0000000100000000, 0x0000000100000000)
  eden space 236544K, 100% used [0x00000000eab00000,0x00000000f9200000,0x00000000f9200000)
  from space 38912K, 0% used [0x00000000f9200000,0x00000000f9200000,0x00000000fb800000)
  to   space 59392K, 0% used [0x00000000fc600000,0x00000000fc600000,0x0000000100000000)
 ParOldGen       total 201216K, used 129976K [0x00000000c0000000, 0x00000000cc480000, 0x00000000eab00000)
  object space 201216K, 64% used [0x00000000c0000000,0x00000000c7eee1f0,0x00000000cc480000)
 Metaspace       used 123228K, capacity 129644K, committed 129752K, reserved 1159168K
  class space    used 17041K, capacity 19369K, committed 19456K, reserved 1048576K
Event: 5653.914 GC heap after
Heap after GC invocations=31 (full 9):
 PSYoungGen      total 284672K, used 39614K [0x00000000eab00000, 0x0000000100000000, 0x0000000100000000)
  eden space 225280K, 0% used [0x00000000eab00000,0x00000000eab00000,0x00000000f8700000)
  from space 59392K, 66% used [0x00000000fc600000,0x00000000fecafa10,0x0000000100000000)
  to   space 61952K, 0% used [0x00000000f8700000,0x00000000f8700000,0x00000000fc380000)
 ParOldGen       total 201216K, used 129984K [0x00000000c0000000, 0x00000000cc480000, 0x00000000eab00000)
  object space 201216K, 64% used [0x00000000c0000000,0x00000000c7ef01f0,0x00000000cc480000)
 Metaspace       used 123228K, capacity 129644K, committed 129752K, reserved 1159168K
  class space    used 17041K, capacity 19369K, committed 19456K, reserved 1048576K
}
Event: 5655.202 GC heap before
{Heap before GC invocations=32 (full 9):
 PSYoungGen      total 284672K, used 115701K [0x00000000eab00000, 0x0000000100000000, 0x0000000100000000)
  eden space 225280K, 33% used [0x00000000eab00000,0x00000000ef54dd00,0x00000000f8700000)
  from space 59392K, 66% used [0x00000000fc600000,0x00000000fecafa10,0x0000000100000000)
  to   space 61952K, 0% used [0x00000000f8700000,0x00000000f8700000,0x00000000fc380000)
 ParOldGen       total 201216K, used 129984K [0x00000000c0000000, 0x00000000cc480000, 0x00000000eab00000)
  object space 201216K, 64% used [0x00000000c0000000,0x00000000c7ef01f0,0x00000000cc480000)
 Metaspace       used 124436K, capacity 130970K, committed 131288K, reserved 1161216K
  class space    used 17224K, capacity 19593K, committed 19712K, reserved 1048576K
Event: 5655.423 GC heap after
Heap after GC invocations=32 (full 9):
 PSYoungGen      total 262144K, used 36711K [0x00000000eab00000, 0x0000000100000000, 0x0000000100000000)
  eden space 225280K, 0% used [0x00000000eab00000,0x00000000eab00000,0x00000000f8700000)
  from space 36864K, 99% used [0x00000000f8700000,0x00000000faad9fe0,0x00000000fab00000)
  to   space 62464K, 0% used [0x00000000fc300000,0x00000000fc300000,0x0000000100000000)
 ParOldGen       total 201216K, used 129992K [0x00000000c0000000, 0x00000000cc480000, 0x00000000eab00000)
  object space 201216K, 64% used [0x00000000c0000000,0x00000000c7ef21f0,0x00000000cc480000)
 Metaspace       used 124436K, capacity 130970K, committed 131288K, reserved 1161216K
  class space    used 17224K, capacity 19593K, committed 19712K, reserved 1048576K
}
Event: 5655.424 GC heap before
{Heap before GC invocations=33 (full 10):
 PSYoungGen      total 262144K, used 36711K [0x00000000eab00000, 0x0000000100000000, 0x0000000100000000)
  eden space 225280K, 0% used [0x00000000eab00000,0x00000000eab00000,0x00000000f8700000)
  from space 36864K, 99% used [0x00000000f8700000,0x00000000faad9fe0,0x00000000fab00000)
  to   space 62464K, 0% used [0x00000000fc300000,0x00000000fc300000,0x0000000100000000)
 ParOldGen       total 201216K, used 129992K [0x00000000c0000000, 0x00000000cc480000, 0x00000000eab00000)
  object space 201216K, 64% used [0x00000000c0000000,0x00000000c7ef21f0,0x00000000cc480000)
 Metaspace       used 124436K, capacity 130970K, committed 131288K, reserved 1161216K
  class space    used 17224K, capacity 19593K, committed 19712K, reserved 1048576K
Event: 5656.820 GC heap after
Heap after GC invocations=33 (full 10):
 PSYoungGen      total 262144K, used 0K [0x00000000eab00000, 0x0000000100000000, 0x0000000100000000)
  eden space 225280K, 0% used [0x00000000eab00000,0x00000000eab00000,0x00000000f8700000)
  from space 36864K, 0% used [0x00000000f8700000,0x00000000f8700000,0x00000000fab00000)
  to   space 62464K, 0% used [0x00000000fc300000,0x00000000fc300000,0x0000000100000000)
 ParOldGen       total 201216K, used 161489K [0x00000000c0000000, 0x00000000cc480000, 0x00000000eab00000)
  object space 201216K, 80% used [0x00000000c0000000,0x00000000c9db4740,0x00000000cc480000)
 Metaspace       used 124403K, capacity 130856K, committed 131288K, reserved 1161216K
  class space    used 17216K, capacity 19559K, committed 19712K, reserved 1048576K
}

